#! /usr/local/bin/vvp
:ivl_version "10.3 (stable)" "(v10_3)";
:ivl_delay_selection "TYPICAL";
:vpi_time_precision + 0;
:vpi_module "system";
:vpi_module "vhdl_sys";
:vpi_module "v2005_math";
:vpi_module "va_math";
S_0x55a559adc270 .scope module, "Divider_tb" "Divider_tb" 2 46;
 .timescale 0 0;
v0x55a559af0580_0 .var "D", 3 0;
v0x55a559af0660_0 .var "clk", 0 0;
v0x55a559af0730_0 .var "d", 3 0;
o0x7fe400d43138 .functor BUFZ 4, C4<zzzz>; HiZ drive
v0x55a559af0830_0 .net "q", 3 0, o0x7fe400d43138;  0 drivers
v0x55a559af0900_0 .var "rst", 0 0;
v0x55a559af09a0_0 .var "start", 0 0;
S_0x55a559adc3f0 .scope module, "uut" "Divider" 2 57, 2 1 0, S_0x55a559adc270;
 .timescale 0 0;
    .port_info 0 /INPUT 4 "D"
    .port_info 1 /INPUT 4 "d"
    .port_info 2 /INPUT 1 "start"
    .port_info 3 /INPUT 1 "rst"
    .port_info 4 /INPUT 1 "clk"
    .port_info 5 /OUTPUT 1 "dd"
    .port_info 6 /OUTPUT 1 "r"
    .port_info 7 /OUTPUT 4 "DD"
    .port_info 8 /OUTPUT 4 "q"
    .port_info 9 /OUTPUT 8 "RD"
v0x55a559ab5fd0_0 .net "D", 3 0, v0x55a559af0580_0;  1 drivers
v0x55a559aefc10_0 .var "DD", 3 0;
v0x55a559aefcf0_0 .var "RD", 7 0;
v0x55a559aefdb0_0 .net "clk", 0 0, v0x55a559af0660_0;  1 drivers
v0x55a559aefe70_0 .net "d", 3 0, v0x55a559af0730_0;  1 drivers
v0x55a559aeffa0_0 .var "dd", 0 0;
v0x55a559af0060_0 .net "q", 3 0, o0x7fe400d43138;  alias, 0 drivers
v0x55a559af0140_0 .var "qq", 0 0;
v0x55a559af0200_0 .var "r", 0 0;
v0x55a559af02c0_0 .net "rst", 0 0, v0x55a559af0900_0;  1 drivers
v0x55a559af0380_0 .net "start", 0 0, v0x55a559af09a0_0;  1 drivers
E_0x55a559ad9db0 .event posedge, v0x55a559aefdb0_0;
E_0x55a559ad8fe0 .event edge, v0x55a559aefc10_0, v0x55a559aefe70_0;
    .scope S_0x55a559adc3f0;
T_0 ;
    %wait E_0x55a559ad9db0;
    %load/vec4 v0x55a559af02c0_0;
    %flag_set/vec4 8;
    %jmp/0xz  T_0.0, 8;
    %pushi/vec4 0, 0, 1;
    %assign/vec4 v0x55a559aeffa0_0, 0;
    %jmp T_0.1;
T_0.0 ;
    %load/vec4 v0x55a559af0380_0;
    %flag_set/vec4 8;
    %jmp/0xz  T_0.2, 8;
    %load/vec4 v0x55a559aefe70_0;
    %pad/u 1;
    %assign/vec4 v0x55a559aeffa0_0, 0;
T_0.2 ;
T_0.1 ;
    %jmp T_0;
    .thread T_0;
    .scope S_0x55a559adc3f0;
T_1 ;
    %wait E_0x55a559ad8fe0;
    %load/vec4 v0x55a559aefe70_0;
    %load/vec4 v0x55a559aefc10_0;
    %cmp/u;
    %jmp/0xz  T_1.0, 5;
    %load/vec4 v0x55a559aefc10_0;
    %load/vec4 v0x55a559aefe70_0;
    %sub;
    %pad/u 1;
    %store/vec4 v0x55a559af0200_0, 0, 1;
    %pushi/vec4 1, 0, 1;
    %store/vec4 v0x55a559af0140_0, 0, 1;
    %jmp T_1.1;
T_1.0 ;
    %load/vec4 v0x55a559aefc10_0;
    %pad/u 1;
    %store/vec4 v0x55a559af0200_0, 0, 1;
    %pushi/vec4 0, 0, 1;
    %store/vec4 v0x55a559af0140_0, 0, 1;
T_1.1 ;
    %jmp T_1;
    .thread T_1, $push;
    .scope S_0x55a559adc3f0;
T_2 ;
    %wait E_0x55a559ad9db0;
    %load/vec4 v0x55a559af02c0_0;
    %flag_set/vec4 8;
    %jmp/0xz  T_2.0, 8;
    %pushi/vec4 0, 0, 4;
    %assign/vec4 v0x55a559aefc10_0, 0;
    %jmp T_2.1;
T_2.0 ;
    %load/vec4 v0x55a559af0380_0;
    %flag_set/vec4 8;
    %jmp/0xz  T_2.2, 8;
    %load/vec4 v0x55a559ab5fd0_0;
    %assign/vec4 v0x55a559aefc10_0, 0;
    %jmp T_2.3;
T_2.2 ;
    %load/vec4 v0x55a559af0200_0;
    %load/vec4 v0x55a559ab5fd0_0;
    %parti/s 3, 0, 2;
    %concat/vec4; draw_concat_vec4
    %load/vec4 v0x55a559af0060_0;
    %concat/vec4; draw_concat_vec4
    %assign/vec4 v0x55a559aefcf0_0, 0;
T_2.3 ;
T_2.1 ;
    %jmp T_2;
    .thread T_2;
    .scope S_0x55a559adc270;
T_3 ;
    %vpi_call 2 69 "$dumpfile", "Divider.vcd" {0 0 0};
    %vpi_call 2 70 "$dumpvars" {0 0 0};
    %pushi/vec4 1, 0, 1;
    %store/vec4 v0x55a559af0660_0, 0, 1;
    %pushi/vec4 1, 0, 1;
    %store/vec4 v0x55a559af09a0_0, 0, 1;
    %pushi/vec4 0, 0, 1;
    %store/vec4 v0x55a559af0900_0, 0, 1;
    %pushi/vec4 5, 0, 4;
    %store/vec4 v0x55a559af0580_0, 0, 4;
    %pushi/vec4 2, 0, 4;
    %store/vec4 v0x55a559af0730_0, 0, 4;
    %delay 10, 0;
    %pushi/vec4 1, 0, 1;
    %store/vec4 v0x55a559af0660_0, 0, 1;
    %pushi/vec4 0, 0, 1;
    %store/vec4 v0x55a559af09a0_0, 0, 1;
    %pushi/vec4 1, 0, 1;
    %store/vec4 v0x55a559af0900_0, 0, 1;
    %pushi/vec4 2, 0, 4;
    %store/vec4 v0x55a559af0580_0, 0, 4;
    %pushi/vec4 2, 0, 4;
    %store/vec4 v0x55a559af0730_0, 0, 4;
    %delay 10, 0;
    %vpi_call 2 89 "$finish" {0 0 0};
    %end;
    .thread T_3;
    .scope S_0x55a559adc270;
T_4 ;
    %delay 10, 0;
    %load/vec4 v0x55a559af0660_0;
    %inv;
    %store/vec4 v0x55a559af0660_0, 0, 1;
    %jmp T_4;
    .thread T_4;
# The file index is used to find the file name in the following table.
:file_names 3;
    "N/A";
    "<interactive>";
    "Divider.v";
