#! /usr/local/bin/vvp
:ivl_version "10.3 (stable)" "(v10_3)";
:ivl_delay_selection "TYPICAL";
:vpi_time_precision + 0;
:vpi_module "system";
:vpi_module "vhdl_sys";
:vpi_module "v2005_math";
:vpi_module "va_math";
S_0x55f925522810 .scope module, "ROM_tb" "ROM_tb" 2 18;
 .timescale 0 0;
v0x55f925531e80_0 .var "A", 3 0;
v0x55f925531f70_0 .net "D", 5 0, v0x55f925531ca0_0;  1 drivers
S_0x55f9254ec080 .scope module, "ROM" "ROM" 2 23, 2 1 0, S_0x55f925522810;
 .timescale 0 0;
    .port_info 0 /INPUT 4 "A"
    .port_info 1 /OUTPUT 6 "D"
v0x55f9254ec270_0 .net "A", 3 0, v0x55f925531e80_0;  1 drivers
v0x55f925531ca0_0 .var "D", 5 0;
v0x55f925531d80 .array "rom", 0 9, 5 0;
E_0x55f9254ec880 .event edge, v0x55f9254ec270_0;
    .scope S_0x55f9254ec080;
T_0 ;
    %wait E_0x55f9254ec880;
    %load/vec4 v0x55f9254ec270_0;
    %pad/u 5;
    %ix/vec4 4;
    %load/vec4a v0x55f925531d80, 4;
    %store/vec4 v0x55f925531ca0_0, 0, 6;
    %jmp T_0;
    .thread T_0, $push;
    .scope S_0x55f9254ec080;
T_1 ;
    %vpi_call 2 12 "$readmemb", "Doc", v0x55f925531d80, 32'sb00000000000000000000000000000000, 32'sb00000000000000000000000000001001 {0 0 0};
    %end;
    .thread T_1;
    .scope S_0x55f925522810;
T_2 ;
    %vpi_call 2 31 "$dumpfile", "dump.vcd" {0 0 0};
    %vpi_call 2 32 "$dumpvars" {0 0 0};
    %pushi/vec4 0, 0, 4;
    %store/vec4 v0x55f925531e80_0, 0, 4;
T_2.0 ;
    %load/vec4 v0x55f925531e80_0;
    %pad/u 32;
    %cmpi/u 10, 0, 32;
    %jmp/0xz T_2.1, 5;
    %delay 100, 0;
    %load/vec4 v0x55f925531e80_0;
    %addi 1, 0, 4;
    %store/vec4 v0x55f925531e80_0, 0, 4;
    %jmp T_2.0;
T_2.1 ;
    %end;
    .thread T_2;
# The file index is used to find the file name in the following table.
:file_names 3;
    "N/A";
    "<interactive>";
    "ROM.v";
